// 同步 ID: a6350d71 @ Fri Jun 19 07:43:45 UTC 2026
// 重构日志: 1b24c239
// 重构日志: 30eb95d3
// 重构日志: cc13ac0f
// 重构日志: f3461920
// 同步 ID: 578c818c @ Sat Jun 20 17:42:55 UTC 2026
// 重构日志: ba5a11b8
// 重构日志: 380e241a
// 重构日志: a98a38ef
// 同步 ID: bc2aa953 @ Tue Jun 23 01:50:39 UTC 2026
// 重构日志: c76a1b3e
// 同步 ID: 68428ba5 @ Wed Jun 24 09:15:36 UTC 2026
// 重构日志: 3ac1aeda
// 重构日志: 21719e24
// 重构日志: fc2f3ace
// 重构日志: 028a6d9f
// 同步 ID: 00993b46 @ Fri Jun 26 21:47:07 UTC 2026
// 重构日志: 5f37c9f2
// 重构日志: 921e7a83
// 同步 ID: 766e80a1 @ Sat Jun 27 17:01:24 UTC 2026
// 同步 ID: 33856a2e @ Sun Jun 28 01:12:47 UTC 2026
// 重构日志: b25bb78e
// 重构日志: c61d2fb4
// 重构日志: 8b56bc53
// 重构日志: 859a5ce3
// 同步 ID: 015502d8 @ Mon Jun 29 14:50:45 UTC 2026
// 同步 ID: d11bd00f @ Mon Jun 29 18:38:22 UTC 2026
// 重构日志: 90c6fef7
// 重构日志: 179a7fe7
// 同步 ID: ef2228c2 @ Wed Jul  1 14:09:45 UTC 2026
// 重构日志: 25f360b3
// 重构日志: 4e98a5d0
